<?xml version="1.0" encoding="UTF-8"?>
<!-- Generated by org.testng.reporters.JUnitReportReporter -->
<testsuite hostname="DESKTOP-TQQRH66" failures="0" tests="2" name="com.rk_softwear_services.vtigerAutomation.TestScripts.MarketingAccountsTestScript" time="76.019" errors="0" timestamp="2023-11-01T21:56:13 IST" skipped="0">
  <testcase classname="com.rk_softwear_services.vtigerAutomation.TestScripts.MarketingAccountsTestScript" name="verifyVT001CreateAccountTestScript" time="36.365"/>
  <testcase classname="com.rk_softwear_services.vtigerAutomation.TestScripts.MarketingAccountsTestScript" name="verifyVT001CreateAccountTestScript" time="39.654"/>
</testsuite> <!-- com.rk_softwear_services.vtigerAutomation.TestScripts.MarketingAccountsTestScript -->
